2021/02/11 11:45:21 {"callers":["D:/GoWorkspace/src/felix.bs.com/felix/BeStrongerInGO/Gin-BlogService/main.go: 28 main.init.0"],"level":"info","message":"ohno104: go-programming-tour-book/blog-service","time":1613015121091010300}
2021/02/12 01:16:22 {"callers":["D:/GoWorkspace/src/felix.bs.com/felix/BeStrongerInGO/Gin-BlogService/main.go: 28 main.init.0"],"level":"error","message":"app.BindAndValid errs: State must be one of [01]","time":1613063782826820900}
2021/02/12 01:16:44 {"callers":["D:/GoWorkspace/src/felix.bs.com/felix/BeStrongerInGO/Gin-BlogService/main.go: 28 main.init.0"],"level":"error","message":"app.BindAndValid errs: State must be one of [01]","time":1613063804504914700}
2021/02/12 01:18:05 {"callers":["D:/GoWorkspace/src/felix.bs.com/felix/BeStrongerInGO/Gin-BlogService/main.go: 28 main.init.0"],"level":"error","message":"app.BindAndValid errs: State must be one of [01]","time":1613063885015330200}
2021/02/12 01:18:07 {"callers":["D:/GoWorkspace/src/felix.bs.com/felix/BeStrongerInGO/Gin-BlogService/main.go: 28 main.init.0"],"level":"error","message":"app.BindAndValid errs: State must be one of [01]","time":1613063887319220200}
2021/02/12 01:18:46 {"callers":["D:/GoWorkspace/src/felix.bs.com/felix/BeStrongerInGO/Gin-BlogService/main.go: 28 main.init.0"],"level":"error","message":"app.BindAndValid errs: State must be one of [01]","time":1613063926239756900}
2021/02/12 01:18:49 {"callers":["D:/GoWorkspace/src/felix.bs.com/felix/BeStrongerInGO/Gin-BlogService/main.go: 28 main.init.0"],"level":"error","message":"app.BindAndValid errs: State must be one of [01]","time":1613063929086710100}
2021/02/12 01:19:00 {"callers":["D:/GoWorkspace/src/felix.bs.com/felix/BeStrongerInGO/Gin-BlogService/main.go: 28 main.init.0"],"level":"error","message":"app.BindAndValid errs: State must be one of [01]","time":1613063940751880800}
2021/02/12 01:19:41 {"callers":["D:/GoWorkspace/src/felix.bs.com/felix/BeStrongerInGO/Gin-BlogService/main.go: 28 main.init.0"],"level":"error","message":"app.BindAndValid errs: State must be one of [01]","time":1613063981584562800}
2021/02/12 01:19:43 {"callers":["D:/GoWorkspace/src/felix.bs.com/felix/BeStrongerInGO/Gin-BlogService/main.go: 28 main.init.0"],"level":"error","message":"app.BindAndValid errs: State must be one of [01]","time":1613063983895747200}
2021/02/12 01:19:46 {"callers":["D:/GoWorkspace/src/felix.bs.com/felix/BeStrongerInGO/Gin-BlogService/main.go: 28 main.init.0"],"level":"error","message":"app.BindAndValid errs: State must be one of [01]","time":1613063986279460700}
2021/02/12 01:19:47 {"callers":["D:/GoWorkspace/src/felix.bs.com/felix/BeStrongerInGO/Gin-BlogService/main.go: 28 main.init.0"],"level":"error","message":"app.BindAndValid errs: State must be one of [01]","time":1613063987600975400}
2021/02/12 01:25:06 {"callers":["D:/GoWorkspace/src/felix.bs.com/felix/BeStrongerInGO/Gin-BlogService/main.go: 28 main.init.0"],"level":"error","message":"app.BindAndValid errs: ","time":1613064306502893300}
2021/02/12 01:25:13 {"callers":["D:/GoWorkspace/src/felix.bs.com/felix/BeStrongerInGO/Gin-BlogService/main.go: 28 main.init.0"],"level":"error","message":"app.BindAndValid errs: State must be one of [01]","time":1613064313621343000}
2021/02/12 01:25:24 {"callers":["D:/GoWorkspace/src/felix.bs.com/felix/BeStrongerInGO/Gin-BlogService/main.go: 28 main.init.0"],"level":"error","message":"app.BindAndValid errs: State must be one of [01]","time":1613064324172847800}
2021/02/12 01:27:38 {"callers":["D:/GoWorkspace/src/felix.bs.com/felix/BeStrongerInGO/Gin-BlogService/main.go: 28 main.init.0"],"level":"error","message":"app.BindAndValid errs: State must be one of [0 1]","time":1613064458555760100}
2021/02/13 01:02:51 {"callers":["D:/GoWorkspace/src/felix.bs.com/felix/BeStrongerInGO/Gin-BlogService/main.go: 28 main.init.0"],"level":"error","message":"app.BindAndValid errs: Name is a required field","time":1613149371796675300}
2021/02/13 01:06:29 {"callers":["D:/GoWorkspace/src/felix.bs.com/felix/BeStrongerInGO/Gin-BlogService/main.go: 28 main.init.0"],"level":"error","message":"app.BindAndValid errs: Name is a required field","time":1613149589066855400}
2021/02/13 01:06:44 {"callers":["D:/GoWorkspace/src/felix.bs.com/felix/BeStrongerInGO/Gin-BlogService/main.go: 28 main.init.0"],"level":"error","message":"app.BindAndValid errs: Name is a required field","time":1613149604882422800}
2021/02/13 01:07:20 {"callers":["D:/GoWorkspace/src/felix.bs.com/felix/BeStrongerInGO/Gin-BlogService/main.go: 28 main.init.0"],"level":"error","message":"app.BindAndValid errs: Name is a required field,CreatedBy is a required field","time":1613149640186444300}
2021/02/13 01:08:23 {"callers":["D:/GoWorkspace/src/felix.bs.com/felix/BeStrongerInGO/Gin-BlogService/main.go: 28 main.init.0"],"level":"error","message":"app.BindAndValid errs: Name is a required field,CreatedBy is a required field","time":1613149703322431700}
2021/02/13 01:09:17 {"callers":["D:/GoWorkspace/src/felix.bs.com/felix/BeStrongerInGO/Gin-BlogService/main.go: 28 main.init.0"],"level":"error","message":"app.BindAndValid errs: Name is a required field,CreatedBy is a required field","time":1613149757988312300}
2021/02/13 01:11:41 {"callers":["D:/GoWorkspace/src/felix.bs.com/felix/BeStrongerInGO/Gin-BlogService/main.go: 28 main.init.0"],"level":"error","message":"app.BindAndValid errs: ","time":1613149901524924600}
2021/02/13 01:12:26 {"callers":["D:/GoWorkspace/src/felix.bs.com/felix/BeStrongerInGO/Gin-BlogService/main.go: 28 main.init.0"],"level":"error","message":"app.BindAndValid errs: Name is a required field,CreatedBy is a required field","time":1613149946574829000}
2021/02/13 01:12:57 {"callers":["D:/GoWorkspace/src/felix.bs.com/felix/BeStrongerInGO/Gin-BlogService/main.go: 28 main.init.0"],"level":"error","message":"app.BindAndValid errs: Name is a required field,CreatedBy is a required field","time":1613149977259176400}
2021/02/13 01:13:22 {"callers":["D:/GoWorkspace/src/felix.bs.com/felix/BeStrongerInGO/Gin-BlogService/main.go: 28 main.init.0"],"level":"error","message":"app.BindAndValid errs: Name is a required field,CreatedBy is a required field","time":1613150002192068900}
2021/02/13 01:13:38 {"callers":["D:/GoWorkspace/src/felix.bs.com/felix/BeStrongerInGO/Gin-BlogService/main.go: 28 main.init.0"],"level":"error","message":"app.BindAndValid errs: Name is a required field,CreatedBy is a required field","time":1613150018251624600}
2021/02/13 01:13:50 {"callers":["D:/GoWorkspace/src/felix.bs.com/felix/BeStrongerInGO/Gin-BlogService/main.go: 28 main.init.0"],"level":"error","message":"app.BindAndValid errs: Name is a required field,CreatedBy is a required field","time":1613150030810002300}
2021/02/13 01:15:39 {"callers":["D:/GoWorkspace/src/felix.bs.com/felix/BeStrongerInGO/Gin-BlogService/main.go: 28 main.init.0"],"level":"error","message":"app.BindAndValid errs: Name is a required field,CreatedBy is a required field","time":1613150139791673600}
2021/02/13 01:21:49 {"callers":["D:/GoWorkspace/src/felix.bs.com/felix/BeStrongerInGO/Gin-BlogService/main.go: 28 main.init.0"],"level":"error","message":"app.BindAndValid errs: State is a required field,ID is a required field,Name must be at least 3 characters in length","time":1613150509548695400}
2021/02/13 01:23:33 {"callers":["D:/GoWorkspace/src/felix.bs.com/felix/BeStrongerInGO/Gin-BlogService/main.go: 28 main.init.0"],"level":"error","message":"app.BindAndValid errs: Name is a required field","time":1613150613629351900}
2021/02/13 01:23:40 {"callers":["D:/GoWorkspace/src/felix.bs.com/felix/BeStrongerInGO/Gin-BlogService/main.go: 28 main.init.0"],"level":"error","message":"app.BindAndValid errs: Name is a required field","time":1613150620243774200}
2021/02/13 01:28:40 {"callers":["D:/GoWorkspace/src/felix.bs.com/felix/BeStrongerInGO/Gin-BlogService/main.go: 28 main.init.0"],"level":"error","message":"app.BindAndValid errs: Name must be at least 3 characters in length,State is a required field","time":1613150920176931000}
2021/02/13 01:29:04 {"callers":["D:/GoWorkspace/src/felix.bs.com/felix/BeStrongerInGO/Gin-BlogService/main.go: 28 main.init.0"],"level":"error","message":"app.BindAndValid errs: Name must be at least 3 characters in length,State is a required field","time":1613150944291789100}
2021/02/13 01:34:26 {"callers":["D:/GoWorkspace/src/felix.bs.com/felix/BeStrongerInGO/Gin-BlogService/main.go: 28 main.init.0"],"level":"error","message":"app.BindAndValid errs: ID is a required field,Name must be at least 3 characters in length,State is a required field","time":1613151266402898400}
